# JRE version: OpenJDK Runtime Environment (8.0_112-b06) (build 1.8.0_112-release-b06)
# Java VM: OpenJDK Server VM (25.112-b06 mixed mode windows-x86 )
Heap:
 PSYoungGen      total 139520K, used 49689K [0x41cc0000, 0x56e80000, 0x57200000)
  eden space 116480K, 23% used [0x41cc0000,0x43705c90,0x48e80000)
  from space 23040K, 98% used [0x48e80000,0x4a4c07d8,0x4a500000)
  to   space 114688K, 0% used [0x4fe80000,0x4fe80000,0x56e80000)
 ParOldGen       total 424704K, used 261728K [0x17200000, 0x310c0000, 0x41cc0000)
  object space 424704K, 61% used [0x17200000,0x271980e0,0x310c0000)
 Metaspace       used 4313K, capacity 4366K, committed 4416K, reserved 4480K
GC Heap History (10 events):
Event: 33.143 GC heap before
{Heap before GC invocations=21 (full 6):
 PSYoungGen      total 232960K, used 22770K [0x41cc0000, 0x57200000, 0x57200000)
  eden space 116480K, 0% used [0x41cc0000,0x41cc0000,0x48e80000)
  from space 116480K, 19% used [0x48e80000,0x4a4bc988,0x50040000)
  to   space 116480K, 0% used [0x50040000,0x50040000,0x57200000)
 ParOldGen       total 315648K, used 273789K [0x17200000, 0x2a640000, 0x41cc0000)
  object space 315648K, 86% used [0x17200000,0x27d5f438,0x2a640000)
 Metaspace       used 4300K, capacity 4334K, committed 4416K, reserved 4480K
Event: 33.525 GC heap after
Heap after GC invocations=21 (full 6):
 PSYoungGen      total 232960K, used 0K [0x41cc0000, 0x57200000, 0x57200000)
  eden space 116480K, 0% used [0x41cc0000,0x41cc0000,0x48e80000)
  from space 116480K, 0% used [0x48e80000,0x48e80000,0x50040000)
  to   space 116480K, 0% used [0x50040000,0x50040000,0x57200000)
 ParOldGen       total 320000K, used 162449K [0x17200000, 0x2aa80000, 0x41cc0000)
  object space 320000K, 50% used [0x17200000,0x210a44c0,0x2aa80000)
 Metaspace       used 4300K, capacity 4334K, committed 4416K, reserved 4480K
}
Event: 34.053 GC heap before
{Heap before GC invocations=22 (full 6):
 PSYoungGen      total 232960K, used 116480K [0x41cc0000, 0x57200000, 0x57200000)
  eden space 116480K, 100% used [0x41cc0000,0x48e80000,0x48e80000)
  from space 116480K, 0% used [0x48e80000,0x48e80000,0x50040000)
  to   space 116480K, 0% used [0x50040000,0x50040000,0x57200000)
 ParOldGen       total 320000K, used 162449K [0x17200000, 0x2aa80000, 0x41cc0000)
  object space 320000K, 50% used [0x17200000,0x210a44c0,0x2aa80000)
 Metaspace       used 4300K, capacity 4334K, committed 4416K, reserved 4480K
Event: 34.094 GC heap after
Heap after GC invocations=22 (full 6):
 PSYoungGen      total 232960K, used 81071K [0x41cc0000, 0x57200000, 0x57200000)
  eden space 116480K, 0% used [0x41cc0000,0x41cc0000,0x48e80000)
  from space 116480K, 69% used [0x50040000,0x54f6be58,0x57200000)
  to   space 116480K, 0% used [0x48e80000,0x48e80000,0x50040000)
 ParOldGen       total 320000K, used 162449K [0x17200000, 0x2aa80000, 0x41cc0000)
  object space 320000K, 50% used [0x17200000,0x210a44c0,0x2aa80000)
 Metaspace       used 4300K, capacity 4334K, committed 4416K, reserved 4480K
}
Event: 34.141 GC heap before
{Heap before GC invocations=23 (full 6):
 PSYoungGen      total 232960K, used 197551K [0x41cc0000, 0x57200000, 0x57200000)
  eden space 116480K, 100% used [0x41cc0000,0x48e80000,0x48e80000)
  from space 116480K, 69% used [0x50040000,0x54f6be58,0x57200000)
  to   space 116480K, 0% used [0x48e80000,0x48e80000,0x50040000)
 ParOldGen       total 320000K, used 162449K [0x17200000, 0x2aa80000, 0x41cc0000)
  object space 320000K, 50% used [0x17200000,0x210a44c0,0x2aa80000)
 Metaspace       used 4300K, capacity 4334K, committed 4416K, reserved 4480K
Event: 34.196 GC heap after
Heap after GC invocations=23 (full 6):
 PSYoungGen      total 232960K, used 51408K [0x41cc0000, 0x57200000, 0x57200000)
  eden space 116480K, 0% used [0x41cc0000,0x41cc0000,0x48e80000)
  from space 116480K, 44% used [0x48e80000,0x4c0b4360,0x50040000)
  to   space 116480K, 0% used [0x50040000,0x50040000,0x57200000)
 ParOldGen       total 320000K, used 258216K [0x17200000, 0x2aa80000, 0x41cc0000)
  object space 320000K, 80% used [0x17200000,0x26e2a318,0x2aa80000)
 Metaspace       used 4300K, capacity 4334K, committed 4416K, reserved 4480K
}
Event: 34.196 GC heap before
{Heap before GC invocations=24 (full 7):
 PSYoungGen      total 232960K, used 51408K [0x41cc0000, 0x57200000, 0x57200000)
  eden space 116480K, 0% used [0x41cc0000,0x41cc0000,0x48e80000)
  from space 116480K, 44% used [0x48e80000,0x4c0b4360,0x50040000)
  to   space 116480K, 0% used [0x50040000,0x50040000,0x57200000)
 ParOldGen       total 320000K, used 258216K [0x17200000, 0x2aa80000, 0x41cc0000)
  object space 320000K, 80% used [0x17200000,0x26e2a318,0x2aa80000)
 Metaspace       used 4300K, capacity 4334K, committed 4416K, reserved 4480K
Event: 36.527 GC heap after
Heap after GC invocations=24 (full 7):
 PSYoungGen      total 232960K, used 0K [0x41cc0000, 0x57200000, 0x57200000)
  eden space 116480K, 0% used [0x41cc0000,0x41cc0000,0x48e80000)
  from space 116480K, 0% used [0x48e80000,0x48e80000,0x50040000)
  to   space 116480K, 0% used [0x50040000,0x50040000,0x57200000)
 ParOldGen       total 424704K, used 239610K [0x17200000, 0x310c0000, 0x41cc0000)
  object space 424704K, 56% used [0x17200000,0x25bfea80,0x310c0000)
 Metaspace       used 4300K, capacity 4334K, committed 4416K, reserved 4480K
}
Event: 36.763 GC heap before
{Heap before GC invocations=25 (full 7):
 PSYoungGen      total 232960K, used 116480K [0x41cc0000, 0x57200000, 0x57200000)
  eden space 116480K, 100% used [0x41cc0000,0x48e80000,0x48e80000)
  from space 116480K, 0% used [0x48e80000,0x48e80000,0x50040000)
  to   space 116480K, 0% used [0x50040000,0x50040000,0x57200000)
 ParOldGen       total 424704K, used 239610K [0x17200000, 0x310c0000, 0x41cc0000)
  object space 424704K, 56% used [0x17200000,0x25bfea80,0x310c0000)
 Metaspace       used 4307K, capacity 4366K, committed 4416K, reserved 4480K
Event: 36.796 GC heap after
Heap after GC invocations=25 (full 7):
 PSYoungGen      total 232960K, used 23007K [0x41cc0000, 0x57200000, 0x57200000)
  eden space 116480K, 0% used [0x41cc0000,0x41cc0000,0x48e80000)
  from space 116480K, 19% used [0x50040000,0x516b7e00,0x57200000)
  to   space 116480K, 0% used [0x48e80000,0x48e80000,0x50040000)
 ParOldGen       total 424704K, used 239610K [0x17200000, 0x310c0000, 0x41cc0000)
  object space 424704K, 56% used [0x17200000,0x25bfea80,0x310c0000)
 Metaspace       used 4307K, capacity 4366K, committed 4416K, reserved 4480K
}

