# JRE version: OpenJDK Runtime Environment (8.0_112-b06) (build 1.8.0_112-release-b06)
# Java VM: OpenJDK Server VM (25.112-b06 mixed mode windows-x86 )
Heap:
 PSYoungGen      total 97280K, used 45403K [0x41cc0000, 0x488c0000, 0x57200000)
  eden space 88576K, 41% used [0x41cc0000,0x440b75f0,0x47340000)
  from space 8704K, 98% used [0x47d40000,0x4859f678,0x485c0000)
  to   space 10240K, 0% used [0x47340000,0x47340000,0x47d40000)
 ParOldGen       total 30208K, used 16519K [0x17200000, 0x18f80000, 0x41cc0000)
  object space 30208K, 54% used [0x17200000,0x18221c08,0x18f80000)
 Metaspace       used 4628K, capacity 4654K, committed 4736K, reserved 5504K
GC Heap History (10 events):
Event: 2.111 GC heap before
{Heap before GC invocations=2 (full 0):
 PSYoungGen      total 13056K, used 13041K [0x41cc0000, 0x43640000, 0x57200000)
  eden space 11264K, 100% used [0x41cc0000,0x427c0000,0x427c0000)
  from space 1792K, 99% used [0x427c0000,0x4297c740,0x42980000)
  to   space 1792K, 0% used [0x43480000,0x43480000,0x43640000)
 ParOldGen       total 30208K, used 1449K [0x17200000, 0x18f80000, 0x41cc0000)
  object space 30208K, 4% used [0x17200000,0x1736a698,0x18f80000)
 Metaspace       used 3879K, capacity 3918K, committed 4032K, reserved 4480K
Event: 2.130 GC heap after
Heap after GC invocations=2 (full 0):
 PSYoungGen      total 24320K, used 1790K [0x41cc0000, 0x43640000, 0x57200000)
  eden space 22528K, 0% used [0x41cc0000,0x41cc0000,0x432c0000)
  from space 1792K, 99% used [0x43480000,0x4363fb20,0x43640000)
  to   space 1792K, 0% used [0x432c0000,0x432c0000,0x43480000)
 ParOldGen       total 30208K, used 2921K [0x17200000, 0x18f80000, 0x41cc0000)
  object space 30208K, 9% used [0x17200000,0x174da7e8,0x18f80000)
 Metaspace       used 3879K, capacity 3918K, committed 4032K, reserved 4480K
}
Event: 3.142 GC heap before
{Heap before GC invocations=3 (full 0):
 PSYoungGen      total 24320K, used 24318K [0x41cc0000, 0x43640000, 0x57200000)
  eden space 22528K, 100% used [0x41cc0000,0x432c0000,0x432c0000)
  from space 1792K, 99% used [0x43480000,0x4363fb20,0x43640000)
  to   space 1792K, 0% used [0x432c0000,0x432c0000,0x43480000)
 ParOldGen       total 30208K, used 2921K [0x17200000, 0x18f80000, 0x41cc0000)
  object space 30208K, 9% used [0x17200000,0x174da7e8,0x18f80000)
 Metaspace       used 4074K, capacity 4110K, committed 4160K, reserved 4480K
Event: 3.158 GC heap after
Heap after GC invocations=3 (full 0):
 PSYoungGen      total 24320K, used 1778K [0x41cc0000, 0x44c40000, 0x57200000)
  eden space 22528K, 0% used [0x41cc0000,0x41cc0000,0x432c0000)
  from space 1792K, 99% used [0x432c0000,0x4347cac0,0x43480000)
  to   space 1792K, 0% used [0x44a80000,0x44a80000,0x44c40000)
 ParOldGen       total 30208K, used 6122K [0x17200000, 0x18f80000, 0x41cc0000)
  object space 30208K, 20% used [0x17200000,0x177fabf8,0x18f80000)
 Metaspace       used 4074K, capacity 4110K, committed 4160K, reserved 4480K
}
Event: 4.123 GC heap before
{Heap before GC invocations=4 (full 0):
 PSYoungGen      total 24320K, used 24306K [0x41cc0000, 0x44c40000, 0x57200000)
  eden space 22528K, 100% used [0x41cc0000,0x432c0000,0x432c0000)
  from space 1792K, 99% used [0x432c0000,0x4347cac0,0x43480000)
  to   space 1792K, 0% used [0x44a80000,0x44a80000,0x44c40000)
 ParOldGen       total 30208K, used 6122K [0x17200000, 0x18f80000, 0x41cc0000)
  object space 30208K, 20% used [0x17200000,0x177fabf8,0x18f80000)
 Metaspace       used 4117K, capacity 4142K, committed 4160K, reserved 4480K
Event: 4.142 GC heap after
Heap after GC invocations=4 (full 0):
 PSYoungGen      total 46848K, used 1780K [0x41cc0000, 0x44c40000, 0x57200000)
  eden space 45056K, 0% used [0x41cc0000,0x41cc0000,0x448c0000)
  from space 1792K, 99% used [0x44a80000,0x44c3d180,0x44c40000)
  to   space 1792K, 0% used [0x448c0000,0x448c0000,0x44a80000)
 ParOldGen       total 30208K, used 9705K [0x17200000, 0x18f80000, 0x41cc0000)
  object space 30208K, 32% used [0x17200000,0x17b7a600,0x18f80000)
 Metaspace       used 4117K, capacity 4142K, committed 4160K, reserved 4480K
}
Event: 4.463 GC heap before
{Heap before GC invocations=5 (full 0):
 PSYoungGen      total 46848K, used 46836K [0x41cc0000, 0x44c40000, 0x57200000)
  eden space 45056K, 100% used [0x41cc0000,0x448c0000,0x448c0000)
  from space 1792K, 99% used [0x44a80000,0x44c3d180,0x44c40000)
  to   space 1792K, 0% used [0x448c0000,0x448c0000,0x44a80000)
 ParOldGen       total 30208K, used 9705K [0x17200000, 0x18f80000, 0x41cc0000)
  object space 30208K, 32% used [0x17200000,0x17b7a600,0x18f80000)
 Metaspace       used 4175K, capacity 4206K, committed 4288K, reserved 4480K
Event: 4.520 GC heap after
Heap after GC invocations=5 (full 0):
 PSYoungGen      total 46848K, used 1779K [0x41cc0000, 0x485c0000, 0x57200000)
  eden space 45056K, 0% used [0x41cc0000,0x41cc0000,0x448c0000)
  from space 1792K, 99% used [0x448c0000,0x44a7cdb8,0x44a80000)
  to   space 8704K, 0% used [0x47d40000,0x47d40000,0x485c0000)
 ParOldGen       total 30208K, used 16519K [0x17200000, 0x18f80000, 0x41cc0000)
  object space 30208K, 54% used [0x17200000,0x18221c08,0x18f80000)
 Metaspace       used 4175K, capacity 4206K, committed 4288K, reserved 4480K
}
Event: 7.665 GC heap before
{Heap before GC invocations=6 (full 0):
 PSYoungGen      total 46848K, used 46835K [0x41cc0000, 0x485c0000, 0x57200000)
  eden space 45056K, 100% used [0x41cc0000,0x448c0000,0x448c0000)
  from space 1792K, 99% used [0x448c0000,0x44a7cdb8,0x44a80000)
  to   space 8704K, 0% used [0x47d40000,0x47d40000,0x485c0000)
 ParOldGen       total 30208K, used 16519K [0x17200000, 0x18f80000, 0x41cc0000)
  object space 30208K, 54% used [0x17200000,0x18221c08,0x18f80000)
 Metaspace       used 4201K, capacity 4238K, committed 4288K, reserved 4480K
Event: 7.728 GC heap after
Heap after GC invocations=6 (full 0):
 PSYoungGen      total 97280K, used 8573K [0x41cc0000, 0x488c0000, 0x57200000)
  eden space 88576K, 0% used [0x41cc0000,0x41cc0000,0x47340000)
  from space 8704K, 98% used [0x47d40000,0x4859f678,0x485c0000)
  to   space 10240K, 0% used [0x47340000,0x47340000,0x47d40000)
 ParOldGen       total 30208K, used 16519K [0x17200000, 0x18f80000, 0x41cc0000)
  object space 30208K, 54% used [0x17200000,0x18221c08,0x18f80000)
 Metaspace       used 4201K, capacity 4238K, committed 4288K, reserved 4480K
}

